<?xml version="1.0" encoding="UTF-8"?>
<!-- Generated by org.testng.reporters.JUnitXMLReporter -->
<testsuite ignored="0" hostname="LAPTOP-CQ4SEIPQ" failures="0" tests="5" name="Unit Test Report (Publisher Application)" time="41.532" errors="0" timestamp="12 Apr 2018 19:19:44 GMT">
  <testcase classname="UnitTests.Publisher_Application" name="Verify_Publisher_URL" time="2.886"/>
  <testcase classname="UnitTests.Publisher_Application" name="Verify_Publisher_Title" time="2.721"/>
  <testcase classname="UnitTests.Publisher_Application" name="Positive_Publisher_Login" time="6.637"/>
  <testcase classname="UnitTests.Publisher_Application" name="Negative_Publisher_Login" time="5.841"/>
  <testcase classname="UnitTests.Publisher_Application" name="Verify_New_Publisher_Button_Is_Enabled" time="6.335"/>
</testsuite> <!-- Unit Test Report (Publisher Application) -->
