<?xml version="1.0" encoding="UTF-8"?>
<!-- Generated by org.testng.reporters.JUnitXMLReporter -->
<testsuite ignored="0" hostname="LAPTOP-CQ4SEIPQ" failures="0" tests="6" name="Unit Test Report (Author Application)" time="60.967" errors="0" timestamp="13 Apr 2018 15:09:13 GMT">
  <testcase classname="UnitTests.Author_Application" name="Verify_Author_URL" time="5.003"/>
  <testcase classname="UnitTests.Author_Application" name="Verify_Author_Title" time="4.217"/>
  <testcase classname="UnitTests.Author_Application" name="Positive_Author_Login" time="6.819"/>
  <testcase classname="UnitTests.Author_Application" name="Negative_Author_Login" time="5.694"/>
  <testcase classname="UnitTests.Author_Application" name="Verify_New_Author_Button_Is_Enabled" time="7.134"/>
  <testcase classname="UnitTests.Author_Application" name="Verify_Author_LogOut" time="7.011"/>
</testsuite> <!-- Unit Test Report (Author Application) -->
