<?xml version="1.0" encoding="UTF-8"?>
<!-- Generated by org.testng.reporters.JUnitXMLReporter -->
<testsuite ignored="0" hostname="LAPTOP-CQ4SEIPQ" failures="0" tests="9" name="Unit Test Report (PCN Application)" time="145.97" errors="0" timestamp="04 May 2018 19:21:11 GMT">
  <testcase classname="UnitTests.PCN_Application_Unit" name="Navigate_To_PCN_Application" time="4.228"/>
  <testcase classname="UnitTests.PCN_Application_Unit" name="Verify_PCN_WireFrames_Are_Enabled" time="6.337"/>
  <testcase classname="UnitTests.PCN_Application_Unit" name="Verify_Six_WireFrames_Are_Present" time="9.213"/>
  <testcase classname="UnitTests.PCN_Application_Unit" name="Complete_General_Information_Section" time="21.255"/>
  <testcase classname="UnitTests.PCN_Application_Unit" name="Complete_Contributor_Information_Section" time="19.771"/>
  <testcase classname="UnitTests.PCN_Application_Unit" name="Complete_Title_Page_Section" time="17.66"/>
  <testcase classname="UnitTests.PCN_Application_Unit" name="Complete_Series_And_Volume_Information_Section" time="14.877"/>
  <testcase classname="UnitTests.PCN_Application_Unit" name="Complete_Summary_Contacts_And_Additional_Information_Section" time="11.106"/>
  <testcase classname="UnitTests.PCN_Application_Unit" name="Navigate_To_Confirm_And_Submit_Section" time="10.356"/>
</testsuite> <!-- Unit Test Report (PCN Application) -->
