<?xml version="1.0" encoding="UTF-8"?>
<!-- Generated by org.testng.reporters.JUnitXMLReporter -->
<testsuite ignored="0" hostname="LAPTOP-CQ4SEIPQ" failures="0" tests="5" name="Unit Test Report (Author Application)" time="47.97" errors="0" timestamp="30 Mar 2018 13:27:10 GMT">
  <testcase classname="UnitTests.Author_Application" name="Verify_Author_URL" time="3.644"/>
  <testcase classname="UnitTests.Author_Application" name="Verify_Author_Title" time="3.556"/>
  <testcase classname="UnitTests.Author_Application" name="Positive_Author_Login" time="6.055"/>
  <testcase classname="UnitTests.Author_Application" name="Negative_Author_Login" time="6.878"/>
  <testcase classname="UnitTests.Author_Application" name="Verify_New_Author_Button_Is_Enabled" time="6.996"/>
</testsuite> <!-- Unit Test Report (Author Application) -->
