<?xml version="1.0" encoding="UTF-8"?>
<!-- Generated by org.testng.reporters.JUnitXMLReporter -->
<testsuite ignored="0" hostname="LAPTOP-CQ4SEIPQ" failures="0" tests="5" name="Unit Test Report (Publisher Application)" time="59.439" errors="0" timestamp="13 Apr 2018 15:11:43 GMT">
  <testcase classname="UnitTests.Publisher_Application" name="Verify_Publisher_URL" time="4.075"/>
  <testcase classname="UnitTests.Publisher_Application" name="Verify_Publisher_Title" time="5.457"/>
  <testcase classname="UnitTests.Publisher_Application" name="Positive_Publisher_Login" time="10.254"/>
  <testcase classname="UnitTests.Publisher_Application" name="Negative_Publisher_Login" time="7.141"/>
  <testcase classname="UnitTests.Publisher_Application" name="Verify_New_Publisher_Button_Is_Enabled" time="8.692"/>
</testsuite> <!-- Unit Test Report (Publisher Application) -->
