<?xml version="1.0" encoding="UTF-8"?>
<!-- Generated by org.testng.reporters.JUnitXMLReporter -->
<testsuite ignored="0" hostname="LAPTOP-CQ4SEIPQ" failures="0" tests="6" name="Unit Test Report (Author Interface)" time="51.032" errors="0" timestamp="04 May 2018 18:53:47 GMT">
  <testcase classname="UnitTests.Author_Interface_Unit" name="Verify_Author_URL" time="2.857"/>
  <testcase classname="UnitTests.Author_Interface_Unit" name="Verify_Author_Title" time="8.589"/>
  <testcase classname="UnitTests.Author_Interface_Unit" name="Positive_Author_Login" time="5.291"/>
  <testcase classname="UnitTests.Author_Interface_Unit" name="Negative_Author_Login" time="4.799"/>
  <testcase classname="UnitTests.Author_Interface_Unit" name="Verify_New_Author_Button_Is_Enabled" time="4.516"/>
  <testcase classname="UnitTests.Author_Interface_Unit" name="Verify_Author_LogOut" time="5.206"/>
</testsuite> <!-- Unit Test Report (Author Interface) -->
