<?xml version="1.0" encoding="UTF-8"?>
<!-- Generated by org.testng.reporters.JUnitXMLReporter -->
<testsuite ignored="0" hostname="LAPTOP-CQ4SEIPQ" failures="0" tests="9" name="Unit Test Report (LCCN Application)" time="142.368" errors="0" timestamp="04 May 2018 19:10:14 GMT">
  <testcase classname="UnitTests.LCCN_Application_Unit" name="Navigate_To_LCCN_Application" time="5.001"/>
  <testcase classname="UnitTests.LCCN_Application_Unit" name="Verify_LCCN_WireFrames_Are_Enabled" time="6.017"/>
  <testcase classname="UnitTests.LCCN_Application_Unit" name="Verify_Six_WireFrames_Are_Present" time="8.015"/>
  <testcase classname="UnitTests.LCCN_Application_Unit" name="Complete_General_Information_Section" time="23.005"/>
  <testcase classname="UnitTests.LCCN_Application_Unit" name="Complete_Contributor_Information_Section" time="20.005"/>
  <testcase classname="UnitTests.LCCN_Application_Unit" name="Complete_Title_Page_Section" time="12.006"/>
  <testcase classname="UnitTests.LCCN_Application_Unit" name="Complete_Series_And_Volume_Information_Section" time="14.008"/>
  <testcase classname="UnitTests.LCCN_Application_Unit" name="Complete_Additional_Information_And_Summary_Section" time="14.006"/>
  <testcase classname="UnitTests.LCCN_Application_Unit" name="Navigate_To_Confirm_And_Submit_Section" time="11.005"/>
</testsuite> <!-- Unit Test Report (LCCN Application) -->
