<?xml version="1.0" encoding="UTF-8"?>
<!-- Generated by org.testng.reporters.JUnitXMLReporter -->
<testsuite ignored="0" hostname="LAPTOP-CQ4SEIPQ" failures="0" tests="6" name="Unit Test Report (Publisher Interface)" time="46.717" errors="0" timestamp="04 May 2018 18:57:14 GMT">
  <testcase classname="UnitTests.Publisher_Interface_Unit" name="Verify_Publisher_URL" time="2.867"/>
  <testcase classname="UnitTests.Publisher_Interface_Unit" name="Verify_Publisher_Title" time="3.24"/>
  <testcase classname="UnitTests.Publisher_Interface_Unit" name="Positive_Publisher_Login" time="5.236"/>
  <testcase classname="UnitTests.Publisher_Interface_Unit" name="Negative_Publisher_Login" time="4.555"/>
  <testcase classname="UnitTests.Publisher_Interface_Unit" name="Verify_New_Publisher_Button_Is_Enabled" time="5.511"/>
  <testcase classname="UnitTests.Publisher_Interface_Unit" name="Verify_Publisher_LogOut" time="5.439"/>
</testsuite> <!-- Unit Test Report (Publisher Interface) -->
