<?xml version="1.0" encoding="UTF-8"?>
<!-- Generated by org.testng.reporters.JUnitXMLReporter -->
<testsuite ignored="0" hostname="LAPTOP-CQ4SEIPQ" failures="0" tests="5" name="Default test" time="42.06" errors="0" timestamp="02 Apr 2018 15:18:17 GMT">
  <testcase classname="UnitTests.Author_Application" name="Verify_Author_URL" time="4.126"/>
  <testcase classname="UnitTests.Author_Application" name="Verify_Author_Title" time="3.873"/>
  <testcase classname="UnitTests.Author_Application" name="Positive_Author_Login" time="5.55"/>
  <testcase classname="UnitTests.Author_Application" name="Negative_Author_Login" time="5.64"/>
  <testcase classname="UnitTests.Author_Application" name="Verify_New_Author_Button_Is_Enabled" time="6.244"/>
</testsuite> <!-- Default test -->
