<?xml version="1.0" encoding="UTF-8"?>
<testng-results ignored="0" total="1" passed="1" failed="0" skipped="0">
  <reporter-output>
  </reporter-output>
  <suite started-at="2018-03-30T03:31:44Z" name="Default suite" finished-at="2018-03-30T03:31:53Z" duration-ms="9328">
    <groups>
    </groups>
    <test started-at="2018-03-30T03:31:44Z" name="Default test" finished-at="2018-03-30T03:31:53Z" duration-ms="9328">
      <class name="UnitTests.Author_Application">
        <test-method is-config="true" signature="setUp()[pri:0, instance:UnitTests.Author_Application@63475ace]" started-at="2018-03-29T20:31:44Z" name="setUp" finished-at="2018-03-29T20:31:48Z" duration-ms="3899" status="PASS">
          <reporter-output>
          </reporter-output>
        </test-method> <!-- setUp -->
        <test-method signature="Negative_Author_Login()[pri:3, instance:UnitTests.Author_Application@63475ace]" started-at="2018-03-29T20:31:48Z" name="Negative_Author_Login" finished-at="2018-03-29T20:31:53Z" duration-ms="5395" status="PASS">
          <reporter-output>
          </reporter-output>
        </test-method> <!-- Negative_Author_Login -->
      </class> <!-- UnitTests.Author_Application -->
    </test> <!-- Default test -->
  </suite> <!-- Default suite -->
</testng-results>
